2009-08-22 14:26:30 Warning: Warning (512): <span style = "color:Red;text-align:left"><b>SQL Error:</b> 1054: Unknown column 'Answer.Question_master_id' in 'field list'</span> in [CORE/cake/libs/model/datasources/dbo_source.php, line 524]
2009-08-22 14:26:30 Warning: Warning (2): Invalid argument supplied for foreach() in [CORE/cake/libs/model/datasources/dbo_source.php, line 917]
2009-08-22 14:27:53 Warning: Warning (512): <span style = "color:Red;text-align:left"><b>SQL Error:</b> 1054: Unknown column 'Answer.Answer' in 'field list'</span> in [CORE/cake/libs/model/datasources/dbo_source.php, line 524]
2009-08-22 14:27:53 Warning: Warning (2): Invalid argument supplied for foreach() in [CORE/cake/libs/model/datasources/dbo_source.php, line 917]
2009-08-22 14:28:40 Warning: Warning (512): <span style = "color:Red;text-align:left"><b>SQL Error:</b> 1054: Unknown column 'Answer.answer_id' in 'field list'</span> in [CORE/cake/libs/model/datasources/dbo_source.php, line 524]
2009-08-22 14:28:40 Warning: Warning (2): Invalid argument supplied for foreach() in [CORE/cake/libs/model/datasources/dbo_source.php, line 917]
2009-08-22 15:04:23 Warning: Warning (2): mysql_connect() [<a href='http://php.net/function.mysql-connect'>function.mysql-connect</a>]: Lost connection to MySQL server during query in [CORE/cake/libs/model/datasources/dbo/dbo_mysql.php, line 374]
2009-08-22 15:04:23 Warning: Warning (2): mysql_select_db(): supplied argument is not a valid MySQL-Link resource in [CORE/cake/libs/model/datasources/dbo/dbo_mysql.php, line 379]
2009-08-22 15:04:23 Warning: Warning (2): mysql_query(): supplied argument is not a valid MySQL-Link resource in [CORE/cake/libs/model/datasources/dbo/dbo_mysql.php, line 411]
2009-08-22 15:04:23 Warning: Warning (2): mysql_get_server_info(): supplied argument is not a valid MySQL-Link resource in [CORE/cake/libs/model/datasources/dbo/dbo_mysql.php, line 387]
2009-08-22 15:32:48 Warning: Warning (2): mysql_connect() [<a href='http://php.net/function.mysql-connect'>function.mysql-connect</a>]: Access denied for user 'root'@'localhost' (using password: NO) in [CORE/cake/libs/model/datasources/dbo/dbo_mysql.php, line 374]
2009-08-22 15:32:48 Warning: Warning (2): mysql_select_db(): supplied argument is not a valid MySQL-Link resource in [CORE/cake/libs/model/datasources/dbo/dbo_mysql.php, line 379]
2009-08-22 15:32:48 Warning: Warning (2): mysql_query(): supplied argument is not a valid MySQL-Link resource in [CORE/cake/libs/model/datasources/dbo/dbo_mysql.php, line 411]
2009-08-22 15:32:48 Warning: Warning (2): mysql_get_server_info(): supplied argument is not a valid MySQL-Link resource in [CORE/cake/libs/model/datasources/dbo/dbo_mysql.php, line 387]
2009-08-22 17:19:16 Warning: Warning (2): date() expects at least 1 parameter, 0 given in [APP/controllers/questions_controller.php, line 17]
2009-08-23 11:00:25 Warning: Warning (2): Invalid argument supplied for foreach() in [APP/views/questions/next.ctp, line 8]
2009-08-23 11:09:44 Warning: Warning (2): Invalid argument supplied for foreach() in [APP/views/questions/next.ctp, line 8]
2009-08-23 11:09:59 Warning: Warning (2): Invalid argument supplied for foreach() in [APP/views/questions/next.ctp, line 8]
2009-08-23 11:10:42 Warning: Warning (2): Invalid argument supplied for foreach() in [APP/views/questions/next.ctp, line 8]
2009-08-23 11:10:50 Warning: Warning (2): Invalid argument supplied for foreach() in [APP/views/questions/next.ctp, line 8]
2009-08-23 11:15:26 Warning: Warning (2): Invalid argument supplied for foreach() in [APP/views/questions/final_question.ctp, line 3]
2009-08-23 11:15:35 Warning: Warning (2): Invalid argument supplied for foreach() in [APP/views/questions/final_question.ctp, line 3]
2009-08-23 11:15:43 Warning: Warning (2): Invalid argument supplied for foreach() in [APP/views/questions/final_question.ctp, line 3]
2009-08-23 11:15:54 Warning: Warning (2): Invalid argument supplied for foreach() in [APP/views/questions/final_question.ctp, line 4]
2009-08-23 11:47:31 Warning: Warning (2): Invalid argument supplied for foreach() in [APP/views/questions/end.ctp, line 8]
2009-08-23 11:48:42 Warning: Warning (512): <span style = "color:Red;text-align:left"><b>SQL Error:</b> 1054: Unknown column 'Answer.Choice_correct' in 'where clause'</span> in [CORE/cake/libs/model/datasources/dbo_source.php, line 524]
2009-08-23 11:48:42 Warning: Warning (2): Invalid argument supplied for foreach() in [APP/views/questions/end.ctp, line 8]
2009-08-23 11:49:31 Warning: Warning (512): <span style = "color:Red;text-align:left"><b>SQL Error:</b> 1064: You have an error in your SQL syntax; check the manual that corresponds to your MySQL server version for the right syntax to use near 'recursive' at line 1</span> in [CORE/cake/libs/model/datasources/dbo_source.php, line 524]
2009-08-23 11:49:31 Warning: Warning (512): <span style = "color:Red;text-align:left"><b>SQL Error:</b> 1054: Unknown column 'Answer.Choice_correct' in 'where clause'</span> in [CORE/cake/libs/model/datasources/dbo_source.php, line 524]
2009-08-23 11:49:31 Warning: Warning (2): Invalid argument supplied for foreach() in [APP/views/questions/end.ctp, line 8]
2009-08-23 11:50:10 Warning: Warning (512): <span style = "color:Red;text-align:left"><b>SQL Error:</b> 1054: Unknown column 'Answer.Choice_correct' in 'where clause'</span> in [CORE/cake/libs/model/datasources/dbo_source.php, line 524]
2009-08-23 11:50:10 Warning: Warning (2): Invalid argument supplied for foreach() in [APP/views/questions/end.ctp, line 8]
2009-08-23 12:03:26 Warning: Warning (512): <span style = "color:Red;text-align:left"><b>SQL Error:</b> 1064: You have an error in your SQL syntax; check the manual that corresponds to your MySQL server version for the right syntax to use near 'answersForQuestion' at line 1</span> in [CORE/cake/libs/model/datasources/dbo_source.php, line 524]
2009-08-23 12:03:26 Warning: Warning (2): Invalid argument supplied for foreach() in [APP/views/questions/end.ctp, line 8]
2009-08-23 12:03:57 Warning: Warning (512): <span style = "color:Red;text-align:left"><b>SQL Error:</b> 1064: You have an error in your SQL syntax; check the manual that corresponds to your MySQL server version for the right syntax to use near 'answersForQuestion' at line 1</span> in [CORE/cake/libs/model/datasources/dbo_source.php, line 524]
2009-08-23 12:03:57 Warning: Warning (2): Invalid argument supplied for foreach() in [APP/views/questions/end.ctp, line 8]
2009-08-23 12:05:28 Warning: Warning (512): <span style = "color:Red;text-align:left"><b>SQL Error:</b> 1064: You have an error in your SQL syntax; check the manual that corresponds to your MySQL server version for the right syntax to use near ') 
AND 
	Answer.Choice_correct' at line 10</span> in [CORE/cake/libs/model/datasources/dbo_source.php, line 524]
2009-08-23 12:05:28 Warning: Warning (2): Invalid argument supplied for foreach() in [APP/views/questions/end.ctp, line 8]
2009-08-23 12:34:45 Warning: Warning (2): Invalid argument supplied for foreach() in [APP/views/questions/end.ctp, line 9]
2009-08-23 12:35:43 Warning: Warning (2): Invalid argument supplied for foreach() in [APP/views/questions/end.ctp, line 9]
2009-08-23 12:36:12 Warning: Warning (2): Invalid argument supplied for foreach() in [APP/views/questions/end.ctp, line 9]
2009-08-23 12:36:24 Warning: Warning (2): Invalid argument supplied for foreach() in [APP/views/questions/end.ctp, line 9]
2009-08-23 12:37:09 Warning: Warning (2): Invalid argument supplied for foreach() in [APP/views/questions/end.ctp, line 9]
2009-08-23 12:38:14 Warning: Warning (2): array_key_exists() [<a href='http://php.net/function.array-key-exists'>function.array-key-exists</a>]: The second argument should be either an array or an object in [APP/models/question.php, line 70]
2009-08-23 12:38:14 Warning: Warning (2): Invalid argument supplied for foreach() in [APP/views/questions/end.ctp, line 9]
2009-08-23 12:38:27 Warning: Warning (2): Invalid argument supplied for foreach() in [APP/views/questions/end.ctp, line 9]
2009-08-23 12:38:44 Warning: Warning (2): Invalid argument supplied for foreach() in [APP/views/questions/end.ctp, line 9]
2009-08-23 12:39:14 Warning: Warning (2): Invalid argument supplied for foreach() in [APP/views/questions/end.ctp, line 9]
2009-08-23 13:02:32 Warning: Warning (2): Invalid argument supplied for foreach() in [APP/controllers/questions_controller.php, line 126]
2009-08-23 13:05:28 Warning: Warning (2): Invalid argument supplied for foreach() in [APP/views/questions/next.ctp, line 9]
2009-08-23 13:05:37 Warning: Warning (2): Invalid argument supplied for foreach() in [APP/controllers/questions_controller.php, line 129]
2009-08-23 13:06:08 Warning: Warning (2): Invalid argument supplied for foreach() in [APP/controllers/questions_controller.php, line 130]
2009-08-23 13:06:48 Warning: Warning (2): Invalid argument supplied for foreach() in [APP/controllers/questions_controller.php, line 130]
2009-08-23 13:07:35 Warning: Warning (2): Invalid argument supplied for foreach() in [APP/controllers/questions_controller.php, line 130]
2009-08-23 13:08:25 Warning: Warning (2): Invalid argument supplied for foreach() in [APP/controllers/questions_controller.php, line 130]
2009-08-23 13:35:53 Warning: Warning (2): Illegal offset type in [APP/controllers/questions_controller.php, line 139]
2009-08-23 13:35:53 Warning: Warning (2): Invalid argument supplied for foreach() in [APP/controllers/questions_controller.php, line 140]
2009-08-23 13:35:53 Warning: Warning (512): <span style = "color:Red;text-align:left"><b>SQL Error:</b> 1054: Unknown column 'Array' in 'where clause'</span> in [CORE/cake/libs/model/datasources/dbo_source.php, line 524]
2009-08-23 13:35:53 Warning: Warning (2): Invalid argument supplied for foreach() in [APP/views/questions/end.ctp, line 9]
2009-08-23 13:36:28 Warning: Warning (2): Illegal offset type in [APP/controllers/questions_controller.php, line 139]
2009-08-23 13:36:28 Warning: Warning (2): Invalid argument supplied for foreach() in [APP/controllers/questions_controller.php, line 140]
2009-08-23 13:36:28 Warning: Warning (512): <span style = "color:Red;text-align:left"><b>SQL Error:</b> 1054: Unknown column 'Array' in 'where clause'</span> in [CORE/cake/libs/model/datasources/dbo_source.php, line 524]
2009-08-23 13:36:28 Warning: Warning (2): Invalid argument supplied for foreach() in [APP/views/questions/end.ctp, line 9]
2009-08-23 13:55:32 Warning: Warning (512): <span style = "color:Red;text-align:left"><b>SQL Error:</b> 1054: Unknown column 'Answer.Choice_text' in 'field list'</span> in [CORE/cake/libs/model/datasources/dbo_source.php, line 524]
2009-08-23 13:55:32 Warning: Warning (2): Invalid argument supplied for foreach() in [CORE/cake/libs/model/model.php, line 2194]
2009-08-23 13:58:24 Warning: Warning (2): preg_match() expects parameter 2 to be string, array given in [CORE/cake/libs/model/datasources/dbo_source.php, line 1683]
2009-08-23 13:58:24 Warning: Warning (512): <span style = "color:Red;text-align:left"><b>SQL Error:</b> 1054: Unknown column 'Question.Array' in 'field list'</span> in [CORE/cake/libs/model/datasources/dbo_source.php, line 524]
2009-08-23 13:58:24 Warning: Warning (2): Invalid argument supplied for foreach() in [CORE/cake/libs/model/model.php, line 2194]
2009-08-23 14:33:43 Warning: Warning (2): Invalid argument supplied for foreach() in [APP/views/questions/next.ctp, line 9]
2009-08-23 14:34:43 Warning: Warning (2): Invalid argument supplied for foreach() in [APP/views/questions/next.ctp, line 9]
